<?xml version="1.0" encoding="UTF-8"?>
<!-- Generated by org.testng.reporters.JUnitReportReporter -->
<testsuite skipped="0" hostname="DESKTOP-LO19N79" name="basics.Amz" tests="3" failures="0" timestamp="06 Jan 2025 03:18:07 GMT" time="3.153" errors="0">
  <testcase name="title" time="0.255" classname="basics.Amz"/>
  <testcase name="launchMyApp" time="2.838" classname="basics.Amz"/>
  <testcase name="urlofmypage" time="0.060" classname="basics.Amz"/>
</testsuite> <!-- basics.Amz -->
