<?xml version="1.0" encoding="UTF-8"?>
<!-- Generated by org.testng.reporters.JUnitReportReporter -->
<testsuite skipped="0" hostname="DESKTOP-LO19N79" name="takescreenshots.Checks" tests="1" failures="0" timestamp="04 Jan 2025 02:48:25 GMT" time="1.871" errors="0">
  <testcase name="launchMyApp" time="1.871" classname="takescreenshots.Checks"/>
</testsuite> <!-- takescreenshots.Checks -->
