<?xml version="1.0" encoding="UTF-8"?>
<!-- Generated by org.testng.reporters.JUnitReportReporter -->
<testsuite skipped="0" hostname="DESKTOP-LO19N79" name="basics.Basic" tests="2" failures="0" timestamp="04 Jan 2025 02:59:07 GMT" time="10.730" errors="0">
  <testcase name="title" time="0.377" classname="basics.Basic"/>
  <testcase name="launchMyApp" time="10.353" classname="basics.Basic"/>
</testsuite> <!-- basics.Basic -->
