<?xml version="1.0" encoding="UTF-8"?>
<!-- Generated by org.testng.reporters.JUnitReportReporter -->
<testsuite skipped="0" hostname="DESKTOP-LO19N79" name="basics.Blaze" tests="1" failures="0" timestamp="04 Jan 2025 02:48:25 GMT" time="2.529" errors="0">
  <testcase name="launchMyApp" time="2.529" classname="basics.Blaze"/>
</testsuite> <!-- basics.Blaze -->
