<?xml version="1.0" encoding="UTF-8"?>
<!-- Generated by org.testng.reporters.JUnitReportReporter -->
<testsuite skipped="0" hostname="DESKTOP-LO19N79" name="basics.DemoBalze" tests="4" failures="0" timestamp="06 Jan 2025 03:41:57 GMT" time="12.735" errors="0">
  <testcase name="urlofmypage" time="0.015" classname="basics.DemoBalze"/>
  <testcase name="launchMyApp" time="7.648" classname="basics.DemoBalze"/>
  <testcase name="productclick" time="4.972" classname="basics.DemoBalze"/>
  <testcase name="title" time="0.100" classname="basics.DemoBalze"/>
</testsuite> <!-- basics.DemoBalze -->
