<?xml version="1.0" encoding="UTF-8"?>
<!-- Generated by org.testng.reporters.JUnitReportReporter -->
<testsuite skipped="0" hostname="DESKTOP-LO19N79" name="basics.Sample" tests="4" failures="0" timestamp="04 Jan 2025 02:48:25 GMT" time="0.008" errors="0">
  <testcase name="c" time="0.001" classname="basics.Sample"/>
  <testcase name="a" time="0.001" classname="basics.Sample"/>
  <testcase name="f" time="0.005" classname="basics.Sample"/>
  <testcase name="b" time="0.001" classname="basics.Sample"/>
</testsuite> <!-- basics.Sample -->
