<?xml version="1.0" encoding="UTF-8"?>
<!-- Generated by org.testng.reporters.JUnitReportReporter -->
<testsuite skipped="0" hostname="DESKTOP-LO19N79" name="basics.AnnotedMethodss" tests="2" failures="0" timestamp="04 Jan 2025 02:48:25 GMT" time="0.011" errors="0">
  <testcase name="a" time="0.003" classname="basics.AnnotedMethodss"/>
  <testcase name="f" time="0.008" classname="basics.AnnotedMethodss"/>
</testsuite> <!-- basics.AnnotedMethodss -->
