<?xml version="1.0" encoding="UTF-8"?>
<!-- Generated by org.testng.reporters.JUnitReportReporter -->
<testsuite skipped="0" hostname="DESKTOP-LO19N79" name="basics.Google" tests="3" failures="0" timestamp="06 Jan 2025 03:41:57 GMT" time="5.495" errors="0">
  <testcase name="title" time="2.397" classname="basics.Google"/>
  <testcase name="urlofmypage" time="0.050" classname="basics.Google"/>
  <testcase name="launchMyApp" time="3.048" classname="basics.Google"/>
</testsuite> <!-- basics.Google -->
